-------------------------------------------------------------------------------
Test set: com.timetable.timetable_api.TimetableGenerationIntegrationTest
-------------------------------------------------------------------------------
Tests run: 1, Failures: 0, Errors: 1, Skipped: 0, Time elapsed: 2.377 s <<< FAILURE! -- in com.timetable.timetable_api.TimetableGenerationIntegrationTest
com.timetable.timetable_api.TimetableGenerationIntegrationTest.testLtpScheduling -- Time elapsed: 0.602 s <<< ERROR!
java.lang.RuntimeException: Cannot schedule Lecture for CS101 | section=A | semGroup=SEM_1_2
	at com.timetable.timetable_api.service.TimetableGenerationService.generateTimetable(TimetableGenerationService.java:203)
	at com.timetable.timetable_api.service.TimetableGenerationService.generateTimetable(TimetableGenerationService.java:37)
	at java.base/jdk.internal.reflect.DirectMethodHandleAccessor.invoke(DirectMethodHandleAccessor.java:103)
	at java.base/java.lang.reflect.Method.invoke(Method.java:580)
	at org.springframework.aop.support.AopUtils.invokeJoinpointUsingReflection(AopUtils.java:360)
	at org.springframework.aop.framework.ReflectiveMethodInvocation.invokeJoinpoint(ReflectiveMethodInvocation.java:196)
	at org.springframework.aop.framework.ReflectiveMethodInvocation.proceed(ReflectiveMethodInvocation.java:163)
	at org.springframework.transaction.interceptor.TransactionAspectSupport.invokeWithinTransaction(TransactionAspectSupport.java:380)
	at org.springframework.transaction.interceptor.TransactionInterceptor.invoke(TransactionInterceptor.java:119)
	at org.springframework.aop.framework.ReflectiveMethodInvocation.proceed(ReflectiveMethodInvocation.java:184)
	at org.springframework.aop.framework.CglibAopProxy$DynamicAdvisedInterceptor.intercept(CglibAopProxy.java:728)
	at com.timetable.timetable_api.service.TimetableGenerationService$$SpringCGLIB$$0.generateTimetable(<generated>)
	at com.timetable.timetable_api.TimetableGenerationIntegrationTest.testLtpScheduling(TimetableGenerationIntegrationTest.java:127)
	at java.base/java.lang.reflect.Method.invoke(Method.java:580)
	at java.base/java.util.ArrayList.forEach(ArrayList.java:1596)
	at java.base/java.util.ArrayList.forEach(ArrayList.java:1596)

