<?xml version="1.0" encoding="UTF-8"?>
<testsuite xmlns:xsi="http://www.w3.org/2001/XMLSchema-instance" xsi:noNamespaceSchemaLocation="https://maven.apache.org/surefire/maven-surefire-plugin/xsd/surefire-test-report.xsd" version="3.0.2" name="com.timetable.timetable_api.TimetableGenerationIntegrationTest" time="11.609" tests="1" errors="1" skipped="0" failures="0">
  <properties>
[...]
</properties>
  <testcase name="testLtpScheduling" classname="com.timetable.timetable_api.TimetableGenerationIntegrationTest" time="1.073">
    <error message="Failed to schedule Lecture for CS101" type="java.lang.RuntimeException"><![CDATA[java.lang.RuntimeException: Failed to schedule Lecture for CS101
	at com.timetable.timetable_api.service.TimetableGenerationService.generateTimetable(TimetableGenerationService.java:139)
	at java.base/jdk.internal.reflect.DirectMethodHandleAccessor.invoke(DirectMethodHandleAccessor.java:103)
	at java.base/java.lang.reflect.Method.invoke(Method.java:580)
	at org.springframework.aop.support.AopUtils.invokeJoinpointUsingReflection(AopUtils.java:360)
	at org.springframework.aop.framework.ReflectiveMethodInvocation.invokeJoinpoint(ReflectiveMethodInvocation.java:196)
	at org.springframework.aop.framework.ReflectiveMethodInvocation.proceed(ReflectiveMethodInvocation.java:163)
	at org.springframework.transaction.interceptor.TransactionAspectSupport.invokeWithinTransaction(TransactionAspectSupport.java:380)
	at org.springframework.transaction.interceptor.TransactionInterceptor.invoke(TransactionInterceptor.java:119)
	at org.springframework.aop.framework.ReflectiveMethodInvocation.proceed(ReflectiveMethodInvocation.java:184)
	at org.springframework.aop.framework.CglibAopProxy$DynamicAdvisedInterceptor.intercept(CglibAopProxy.java:728)
	at com.timetable.timetable_api.service.TimetableGenerationService$$SpringCGLIB$$0.generateTimetable(<generated>)
	at com.timetable.timetable_api.TimetableGenerationIntegrationTest.testLtpScheduling(TimetableGenerationIntegrationTest.java:127)
	at java.base/java.lang.reflect.Method.invoke(Method.java:580)
	at java.base/java.util.ArrayList.forEach(ArrayList.java:1596)
	at java.base/java.util.ArrayList.forEach(ArrayList.java:1596)
]]></error>
    <system-out><![CDATA[19:34:04.156 [main] INFO org.springframework.test.context.support.AnnotationConfigContextLoaderUtils -- Could not detect default configuration classes for test class [com.timetable.timetable_api.TimetableGenerationIntegrationTest]: TimetableGenerationIntegrationTest does not declare any static, non-private, non-final, nested classes annotated with @Configuration.
19:34:04.366 [main] INFO org.springframework.boot.test.context.SpringBootTestContextBootstrapper -- Found @SpringBootConfiguration com.timetable.timetable_api.TimetableApiApplication for test class com.timetable.timetable_api.TimetableGenerationIntegrationTest

  .   ____          _            __ _ _
 /\\ / ___'_ __ _ _(_)_ __  __ _ \ \ \ \
( ( )\___ | '_ | '_| | '_ \/ _` | \ \ \ \
 \\/  ___)| |_)| | | | | || (_| |  ) ) ) )
  '  |____| .__|_| |_|_| |_\__, | / / / /
 =========|_|==============|___/=/_/_/_/

 :: Spring Boot ::                (v3.5.7)

2026-02-28T19:34:05.266+05:30  INFO 91095 --- [           main] c.t.t.TimetableGenerationIntegrationTest : Starting TimetableGenerationIntegrationTest using Java 21.0.10 with PID 91095 (started by vaibhav-sharma in /home/vaibhav-sharma/Projects/schedulePlanner/mini_project/backend)
2026-02-28T19:34:05.268+05:30  INFO 91095 --- [           main] c.t.t.TimetableGenerationIntegrationTest : The following 1 profile is active: "test"
2026-02-28T19:34:06.529+05:30  INFO 91095 --- [           main] .s.d.r.c.RepositoryConfigurationDelegate : Bootstrapping Spring Data JPA repositories in DEFAULT mode.
2026-02-28T19:34:06.795+05:30  INFO 91095 --- [           main] .s.d.r.c.RepositoryConfigurationDelegate : Finished Spring Data repository scanning in 249 ms. Found 13 JPA repository interfaces.
2026-02-28T19:34:07.875+05:30  INFO 91095 --- [           main] o.hibernate.jpa.internal.util.LogHelper  : HHH000204: Processing PersistenceUnitInfo [name: default]
2026-02-28T19:34:07.948+05:30  INFO 91095 --- [           main] org.hibernate.Version                    : HHH000412: Hibernate ORM core version 6.6.33.Final
2026-02-28T19:34:07.981+05:30  INFO 91095 --- [           main] o.h.c.internal.RegionFactoryInitiator    : HHH000026: Second-level cache disabled
2026-02-28T19:34:08.577+05:30  INFO 91095 --- [           main] o.s.o.j.p.SpringPersistenceUnitInfo      : No LoadTimeWeaver setup: ignoring JPA class transformer
2026-02-28T19:34:08.634+05:30  INFO 91095 --- [           main] com.zaxxer.hikari.HikariDataSource       : HikariPool-1 - Starting...
2026-02-28T19:34:08.980+05:30  INFO 91095 --- [           main] com.zaxxer.hikari.pool.HikariPool        : HikariPool-1 - Added connection conn0: url=jdbc:h2:mem:testdb user=SA
2026-02-28T19:34:08.989+05:30  INFO 91095 --- [           main] com.zaxxer.hikari.HikariDataSource       : HikariPool-1 - Start completed.
2026-02-28T19:34:09.068+05:30  WARN 91095 --- [           main] org.hibernate.dialect.Dialect            : HHH000511: The 2.3.232 version for [org.hibernate.dialect.PostgreSQLDialect] is no longer supported, hence certain features may not work properly. The minimum supported version is 12.0.0. Check the community dialects project for available legacy versions.
2026-02-28T19:34:09.081+05:30  WARN 91095 --- [           main] org.hibernate.orm.deprecation            : HHH90000025: PostgreSQLDialect does not need to be specified explicitly using 'hibernate.dialect' (remove the property setting and it will be selected by default)
2026-02-28T19:34:09.129+05:30  INFO 91095 --- [           main] org.hibernate.orm.connections.pooling    : HHH10001005: Database info:
	Database JDBC URL [Connecting through datasource 'HikariDataSource (HikariPool-1)']
	Database driver: undefined/unknown
	Database version: 2.3.232
	Autocommit mode: undefined/unknown
	Isolation level: undefined/unknown
	Minimum pool size: undefined/unknown
	Maximum pool size: undefined/unknown
2026-02-28T19:34:10.309+05:30  INFO 91095 --- [           main] o.h.e.t.j.p.i.JtaPlatformInitiator       : HHH000489: No JTA platform available (set 'hibernate.transaction.jta.platform' to enable JTA platform integration)
Hibernate: set client_min_messages = WARNING
Hibernate: alter table if exists course_offerings drop constraint if exists FKneiyouykg665f171dkr2h7or3
Hibernate: alter table if exists course_offerings drop constraint if exists FKq8hyeiowuxn2gvbcv6gr9oc7j
Hibernate: alter table if exists course_offerings drop constraint if exists FKqcfyg8k5hq7b5msbnhcx0b2n8
Hibernate: alter table if exists department_courses drop constraint if exists FK4bb55hee85pqelbvo1i3rw83o
Hibernate: alter table if exists department_courses drop constraint if exists FKjx43lqo4mj3094s3pfvjou6vw
Hibernate: alter table if exists faculty drop constraint if exists FKbcib0tg0bv7u4cwa1bfwyn6ud
Hibernate: alter table if exists faculty drop constraint if exists FKhj801lcydglt9ndhad2nwx37b
Hibernate: alter table if exists faculty drop constraint if exists FKfakwwhqpm5bahy2do8t30j58r
Hibernate: alter table if exists faculty_preferences drop constraint if exists FKikcb80vo5d3u8ugnxiwxyhrov
Hibernate: alter table if exists faculty_preferences drop constraint if exists FKggimkrf094xvn82ie2hfna62k
Hibernate: alter table if exists scheduled_classes drop constraint if exists FKf5p2f2s2hr0qxp82m093ssmqt
Hibernate: alter table if exists scheduled_classes drop constraint if exists FKbtepjxitwqqd40lvid31lk81y
Hibernate: alter table if exists sections drop constraint if exists FKgnisg480cbsx8krnlq30qaym5
Hibernate: drop table if exists course_offerings cascade
Hibernate: drop table if exists courses cascade
Hibernate: drop table if exists department_courses cascade
Hibernate: drop table if exists departments cascade
Hibernate: drop table if exists designation_constraints cascade
Hibernate: drop table if exists faculty cascade
Hibernate: drop table if exists faculty_preferences cascade
Hibernate: drop table if exists rooms cascade
Hibernate: drop table if exists scheduled_classes cascade
Hibernate: drop table if exists sections cascade
Hibernate: drop table if exists time_slots cascade
Hibernate: drop table if exists timetable_metadata cascade
Hibernate: drop table if exists users cascade
Hibernate: create table course_offerings (course_id bigint not null, faculty_id bigint not null, offering_id bigint generated by default as identity, section_id bigint not null, primary key (offering_id))
Hibernate: create table courses (credit_hours integer not null, lecture_hours integer, practical_hours integer, tutorial_hours integer, course_id bigint generated by default as identity, course_code varchar(255) not null unique, course_name varchar(255) not null unique, course_type varchar(255), primary key (course_id))
Hibernate: create table department_courses (department_id integer not null, semester integer not null, course_id bigint not null, primary key (department_id, course_id))
Hibernate: create table departments (department_id integer generated by default as identity, name varchar(255) not null unique, primary key (department_id))
Hibernate: create table designation_constraints (max_lab_hours integer not null, max_lecture_hours integer not null, max_total_hours integer, priority_level integer, designation varchar(255) not null, primary key (designation))
Hibernate: create table faculty (department_id integer not null, faculty_id bigint generated by default as identity, user_id bigint not null unique, designation varchar(255) not null, first_name varchar(255) not null, last_name varchar(255), middle_initial varchar(255), primary key (faculty_id))
Hibernate: create table faculty_preferences (priority integer not null, course_id bigint not null, faculty_id bigint not null, preference_id bigint generated by default as identity, primary key (preference_id))
Hibernate: create table rooms (capacity integer not null, room_id integer generated by default as identity, room_number varchar(255) not null unique, type varchar(255) not null, primary key (room_id))
Hibernate: create table scheduled_classes (end_time time(6) not null, room_id integer not null, start_time time(6) not null, class_id bigint generated by default as identity, offering_id bigint not null, day_of_week varchar(255) not null, primary key (class_id))
Hibernate: create table sections (department_id integer not null, semester integer not null, student_count integer, "year" integer not null, section_id bigint generated by default as identity, name varchar(255) not null, primary key (section_id))
Hibernate: create table time_slots (end_time time(6) not null, is_break boolean not null, start_time time(6) not null, time_slot_id bigint generated by default as identity, day_of_week varchar(255) not null, primary key (time_slot_id))
Hibernate: create table timetable_metadata (id bigint generated by default as identity, "key" varchar(255) not null unique, "value" varchar(255) not null, primary key (id))
Hibernate: create table users (department_id integer, requires_password_reset boolean not null, role integer not null, user_id bigint generated by default as identity, email varchar(255) not null unique, password_hash varchar(255) not null, primary key (user_id))
Hibernate: alter table if exists course_offerings add constraint FKneiyouykg665f171dkr2h7or3 foreign key (course_id) references courses
Hibernate: alter table if exists course_offerings add constraint FKq8hyeiowuxn2gvbcv6gr9oc7j foreign key (faculty_id) references faculty
Hibernate: alter table if exists course_offerings add constraint FKqcfyg8k5hq7b5msbnhcx0b2n8 foreign key (section_id) references sections
Hibernate: alter table if exists department_courses add constraint FK4bb55hee85pqelbvo1i3rw83o foreign key (course_id) references courses
Hibernate: alter table if exists department_courses add constraint FKjx43lqo4mj3094s3pfvjou6vw foreign key (department_id) references departments
Hibernate: alter table if exists faculty add constraint FKbcib0tg0bv7u4cwa1bfwyn6ud foreign key (department_id) references departments
Hibernate: alter table if exists faculty add constraint FKhj801lcydglt9ndhad2nwx37b foreign key (designation) references designation_constraints
Hibernate: alter table if exists faculty add constraint FKfakwwhqpm5bahy2do8t30j58r foreign key (user_id) references users
Hibernate: alter table if exists faculty_preferences add constraint FKikcb80vo5d3u8ugnxiwxyhrov foreign key (course_id) references courses
Hibernate: alter table if exists faculty_preferences add constraint FKggimkrf094xvn82ie2hfna62k foreign key (faculty_id) references faculty
Hibernate: alter table if exists scheduled_classes add constraint FKf5p2f2s2hr0qxp82m093ssmqt foreign key (offering_id) references course_offerings
Hibernate: alter table if exists scheduled_classes add constraint FKbtepjxitwqqd40lvid31lk81y foreign key (room_id) references rooms
Hibernate: alter table if exists sections add constraint FKgnisg480cbsx8krnlq30qaym5 foreign key (department_id) references departments
2026-02-28T19:34:10.417+05:30  INFO 91095 --- [           main] j.LocalContainerEntityManagerFactoryBean : Initialized JPA EntityManagerFactory for persistence unit 'default'
2026-02-28T19:34:11.163+05:30  INFO 91095 --- [           main] o.s.d.j.r.query.QueryEnhancerFactory     : Hibernate is in classpath; If applicable, HQL parser will be used.
2026-02-28T19:34:13.108+05:30  WARN 91095 --- [           main] JpaBaseConfiguration$JpaWebConfiguration : spring.jpa.open-in-view is enabled by default. Therefore, database queries may be performed during view rendering. Explicitly configure spring.jpa.open-in-view to disable this warning
2026-02-28T19:34:13.594+05:30  WARN 91095 --- [           main] .s.s.UserDetailsServiceAutoConfiguration : 

Using generated security password: 2be36b46-1a5f-4886-89f4-1dbeb8519bc7

This generated password is for development use only. Your security configuration must be updated before running your application in production.

2026-02-28T19:34:13.609+05:30  INFO 91095 --- [           main] r$InitializeUserDetailsManagerConfigurer : Global AuthenticationManager configured with UserDetailsService bean with name inMemoryUserDetailsManager
2026-02-28T19:34:14.415+05:30  INFO 91095 --- [           main] c.t.t.TimetableGenerationIntegrationTest : Started TimetableGenerationIntegrationTest in 9.69 seconds (process running for 11.358)
Hibernate: insert into departments (name) values (?)
Hibernate: insert into users (department_id,email,password_hash,requires_password_reset,role) values (?,?,?,?,?)
Hibernate: select dc1_0.designation,dc1_0.max_lab_hours,dc1_0.max_lecture_hours,dc1_0.max_total_hours,dc1_0.priority_level from designation_constraints dc1_0 where dc1_0.designation=?
Hibernate: insert into designation_constraints (max_lab_hours,max_lecture_hours,max_total_hours,priority_level,designation) values (?,?,?,?,?)
Hibernate: select null,dc1_0.max_lab_hours,dc1_0.max_lecture_hours,dc1_0.max_total_hours,dc1_0.priority_level from designation_constraints dc1_0 where dc1_0.designation=?
Hibernate: insert into faculty (department_id,designation,first_name,last_name,middle_initial,user_id) values (?,?,?,?,?,?)
Hibernate: insert into courses (course_code,course_name,course_type,credit_hours,lecture_hours,practical_hours,tutorial_hours) values (?,?,?,?,?,?,?)
Hibernate: insert into sections (department_id,name,semester,student_count,"year") values (?,?,?,?,?)
Hibernate: insert into course_offerings (course_id,faculty_id,section_id) values (?,?,?)
Hibernate: insert into rooms (capacity,room_number,type) values (?,?,?)
Hibernate: insert into rooms (capacity,room_number,type) values (?,?,?)
Hibernate: insert into time_slots (is_break,day_of_week,end_time,start_time) values (?,?,?,?)
Hibernate: insert into time_slots (is_break,day_of_week,end_time,start_time) values (?,?,?,?)
Hibernate: insert into time_slots (is_break,day_of_week,end_time,start_time) values (?,?,?,?)
Hibernate: insert into time_slots (is_break,day_of_week,end_time,start_time) values (?,?,?,?)
Hibernate: insert into time_slots (is_break,day_of_week,end_time,start_time) values (?,?,?,?)
Hibernate: insert into time_slots (is_break,day_of_week,end_time,start_time) values (?,?,?,?)
Hibernate: insert into time_slots (is_break,day_of_week,end_time,start_time) values (?,?,?,?)
Hibernate: insert into time_slots (is_break,day_of_week,end_time,start_time) values (?,?,?,?)
Hibernate: insert into time_slots (is_break,day_of_week,end_time,start_time) values (?,?,?,?)
Hibernate: select sc1_0.class_id,sc1_0.offering_id,sc1_0.day_of_week,sc1_0.end_time,sc1_0.room_id,sc1_0.start_time from scheduled_classes sc1_0
Hibernate: select tm1_0.id,tm1_0."key",tm1_0."value" from timetable_metadata tm1_0 where tm1_0."key"=?
Hibernate: insert into timetable_metadata ("key","value") values (?,?)
Hibernate: select co1_0.offering_id,co1_0.course_id,co1_0.faculty_id,co1_0.section_id from course_offerings co1_0
Hibernate: select r1_0.room_id,r1_0.capacity,r1_0.room_number,r1_0.type from rooms r1_0
Hibernate: select ts1_0.time_slot_id,ts1_0.is_break,ts1_0.day_of_week,ts1_0.end_time,ts1_0.start_time from time_slots ts1_0 order by ts1_0.day_of_week,ts1_0.start_time
Hibernate: insert into scheduled_classes (offering_id,day_of_week,end_time,room_id,start_time) values (?,?,?,?,?)
Hibernate: insert into scheduled_classes (offering_id,day_of_week,end_time,room_id,start_time) values (?,?,?,?,?)
Hibernate: insert into scheduled_classes (offering_id,day_of_week,end_time,room_id,start_time) values (?,?,?,?,?)
Hibernate: insert into scheduled_classes (offering_id,day_of_week,end_time,room_id,start_time) values (?,?,?,?,?)
Hibernate: insert into scheduled_classes (offering_id,day_of_week,end_time,room_id,start_time) values (?,?,?,?,?)
]]></system-out>
    <system-err><![CDATA[Mockito is currently self-attaching to enable the inline-mock-maker. This will no longer work in future releases of the JDK. Please add Mockito as an agent to your build as described in Mockito's documentation: https://javadoc.io/doc/org.mockito/mockito-core/latest/org.mockito/org/mockito/Mockito.html#0.3
WARNING: A Java agent has been loaded dynamically (/home/vaibhav-sharma/.m2/repository/net/bytebuddy/byte-buddy-agent/1.17.8/byte-buddy-agent-1.17.8.jar)
WARNING: If a serviceability tool is in use, please run with -XX:+EnableDynamicAgentLoading to hide this warning
WARNING: If a serviceability tool is not in use, please run with -Djdk.instrument.traceUsage for more information
WARNING: Dynamic loading of agents will be disallowed by default in a future release
]]></system-err>
  </testcase>
</testsuite>