<?xml version="1.0" encoding="UTF-8"?>
<testsuite xmlns:xsi="http://www.w3.org/2001/XMLSchema-instance" xsi:noNamespaceSchemaLocation="https://maven.apache.org/surefire/maven-surefire-plugin/xsd/surefire-test-report.xsd" version="3.0.2" name="com.timetable.timetable_api.TimetableApiApplicationTests" time="19.711" tests="1" errors="0" skipped="0" failures="0">
  <properties>
[...]
</properties>
  <testcase name="contextLoads" classname="com.timetable.timetable_api.TimetableApiApplicationTests" time="0.684">
    <system-out><![CDATA[01:55:21.286 [main] INFO org.springframework.test.context.support.AnnotationConfigContextLoaderUtils -- Could not detect default configuration classes for test class [com.timetable.timetable_api.TimetableApiApplicationTests]: TimetableApiApplicationTests does not declare any static, non-private, non-final, nested classes annotated with @Configuration.
01:55:21.420 [main] INFO org.springframework.boot.test.context.SpringBootTestContextBootstrapper -- Found @SpringBootConfiguration com.timetable.timetable_api.TimetableApiApplication for test class com.timetable.timetable_api.TimetableApiApplicationTests

  .   ____          _            __ _ _
 /\\ / ___'_ __ _ _(_)_ __  __ _ \ \ \ \
( ( )\___ | '_ | '_| | '_ \/ _` | \ \ \ \
 \\/  ___)| |_)| | | | | || (_| |  ) ) ) )
  '  |____| .__|_| |_|_| |_\__, | / / / /
 =========|_|==============|___/=/_/_/_/

 :: Spring Boot ::                (v3.5.7)

2026-03-04T01:55:22.104+05:30  INFO 556975 --- [           main] c.t.t.TimetableApiApplicationTests       : Starting TimetableApiApplicationTests using Java 21.0.10 with PID 556975 (started by vaibhav-sharma in /home/vaibhav-sharma/Projects/schedulePlanner/mini_project/backend)
2026-03-04T01:55:22.105+05:30  INFO 556975 --- [           main] c.t.t.TimetableApiApplicationTests       : No active profile set, falling back to 1 default profile: "default"
2026-03-04T01:55:23.321+05:30  INFO 556975 --- [           main] .s.d.r.c.RepositoryConfigurationDelegate : Bootstrapping Spring Data JPA repositories in DEFAULT mode.
2026-03-04T01:55:23.480+05:30  INFO 556975 --- [           main] .s.d.r.c.RepositoryConfigurationDelegate : Finished Spring Data repository scanning in 147 ms. Found 13 JPA repository interfaces.
2026-03-04T01:55:24.582+05:30  INFO 556975 --- [           main] com.zaxxer.hikari.HikariDataSource       : HikariPool-1 - Starting...
2026-03-04T01:55:26.494+05:30  INFO 556975 --- [           main] com.zaxxer.hikari.pool.HikariPool        : HikariPool-1 - Added connection org.postgresql.jdbc.PgConnection@4c5406b
2026-03-04T01:55:26.496+05:30  INFO 556975 --- [           main] com.zaxxer.hikari.HikariDataSource       : HikariPool-1 - Start completed.
2026-03-04T01:55:26.871+05:30  INFO 556975 --- [           main] org.flywaydb.core.FlywayExecutor         : Database: jdbc:postgresql://aws-1-ap-northeast-2.pooler.supabase.com:6543/postgres (PostgreSQL 17.6)
2026-03-04T01:55:28.133+05:30  WARN 556975 --- [           main] o.f.c.internal.database.base.Database    : Flyway upgrade recommended: PostgreSQL 17.6 is newer than this version of Flyway and support has not been tested. The latest supported version of PostgreSQL is 16.
2026-03-04T01:55:29.045+05:30  INFO 556975 --- [           main] o.f.core.internal.command.DbValidate     : Successfully validated 10 migrations (execution time 00:00.695s)
2026-03-04T01:55:30.765+05:30  INFO 556975 --- [           main] o.f.core.internal.command.DbMigrate      : Current version of schema "public": 10
2026-03-04T01:55:30.912+05:30  INFO 556975 --- [           main] o.f.core.internal.command.DbMigrate      : Schema "public" is up to date. No migration necessary.
2026-03-04T01:55:32.007+05:30  INFO 556975 --- [           main] o.hibernate.jpa.internal.util.LogHelper  : HHH000204: Processing PersistenceUnitInfo [name: default]
2026-03-04T01:55:32.073+05:30  INFO 556975 --- [           main] org.hibernate.Version                    : HHH000412: Hibernate ORM core version 6.6.33.Final
2026-03-04T01:55:32.123+05:30  INFO 556975 --- [           main] o.h.c.internal.RegionFactoryInitiator    : HHH000026: Second-level cache disabled
2026-03-04T01:55:32.625+05:30  INFO 556975 --- [           main] o.s.o.j.p.SpringPersistenceUnitInfo      : No LoadTimeWeaver setup: ignoring JPA class transformer
2026-03-04T01:55:33.013+05:30  WARN 556975 --- [           main] org.hibernate.orm.deprecation            : HHH90000025: PostgreSQLDialect does not need to be specified explicitly using 'hibernate.dialect' (remove the property setting and it will be selected by default)
2026-03-04T01:55:33.316+05:30  INFO 556975 --- [           main] org.hibernate.orm.connections.pooling    : HHH10001005: Database info:
	Database JDBC URL [Connecting through datasource 'HikariDataSource (HikariPool-1)']
	Database driver: undefined/unknown
	Database version: 17.6
	Autocommit mode: undefined/unknown
	Isolation level: undefined/unknown
	Minimum pool size: undefined/unknown
	Maximum pool size: undefined/unknown
2026-03-04T01:55:34.641+05:30  INFO 556975 --- [           main] o.h.e.t.j.p.i.JtaPlatformInitiator       : HHH000489: No JTA platform available (set 'hibernate.transaction.jta.platform' to enable JTA platform integration)
2026-03-04T01:55:35.324+05:30  INFO 556975 --- [           main] j.LocalContainerEntityManagerFactoryBean : Initialized JPA EntityManagerFactory for persistence unit 'default'
2026-03-04T01:55:36.000+05:30  INFO 556975 --- [           main] o.s.d.j.r.query.QueryEnhancerFactory     : Hibernate is in classpath; If applicable, HQL parser will be used.
2026-03-04T01:55:39.019+05:30  WARN 556975 --- [           main] JpaBaseConfiguration$JpaWebConfiguration : spring.jpa.open-in-view is enabled by default. Therefore, database queries may be performed during view rendering. Explicitly configure spring.jpa.open-in-view to disable this warning
2026-03-04T01:55:39.408+05:30  WARN 556975 --- [           main] .s.s.UserDetailsServiceAutoConfiguration : 

Using generated security password: 4de86d75-e740-4f33-bed1-d0227f681fd7

This generated password is for development use only. Your security configuration must be updated before running your application in production.

2026-03-04T01:55:39.423+05:30  INFO 556975 --- [           main] r$InitializeUserDetailsManagerConfigurer : Global AuthenticationManager configured with UserDetailsService bean with name inMemoryUserDetailsManager
2026-03-04T01:55:40.085+05:30  INFO 556975 --- [           main] c.t.t.TimetableApiApplicationTests       : Started TimetableApiApplicationTests in 18.436 seconds (process running for 19.701)
]]></system-out>
    <system-err><![CDATA[Mockito is currently self-attaching to enable the inline-mock-maker. This will no longer work in future releases of the JDK. Please add Mockito as an agent to your build as described in Mockito's documentation: https://javadoc.io/doc/org.mockito/mockito-core/latest/org.mockito/org/mockito/Mockito.html#0.3
WARNING: A Java agent has been loaded dynamically (/home/vaibhav-sharma/.m2/repository/net/bytebuddy/byte-buddy-agent/1.17.8/byte-buddy-agent-1.17.8.jar)
WARNING: If a serviceability tool is in use, please run with -XX:+EnableDynamicAgentLoading to hide this warning
WARNING: If a serviceability tool is not in use, please run with -Djdk.instrument.traceUsage for more information
WARNING: Dynamic loading of agents will be disallowed by default in a future release
]]></system-err>
  </testcase>
</testsuite>